[NOTICE] Init: Starting Webshell Scan SYSTEM: mytvavscan TIME: 20251203T04:38:29Z PLATFORM:     PROC: x86_64 ARCH: 64bit ELF

[INFO] Init: File Name Characteristics initialized with 1544 regex patterns

[INFO] Init: Malicious MD5 Hashes initialized with 986 hashes

[INFO] Init: Malicious SHA1 Hashes initialized with 2215 hashes

[INFO] Init: Malicious SHA256 Hashes initialized with 1174 hashes

[INFO] Init: False Positive Hashes initialized with 0 hashes

[INFO] Init: Found 896 YARA rule file(s)

[INFO] Init: Compiling all YARA rules together...

[INFO] Init: Successfully compiled all YARA rules together: 9318 rule(s) from 896 file(s)

[INFO] Init: SSDeep signatures initialized with 4628 hashes

[INFO] Init: Current user is root - very good

[INFO] FileScan: Scanning Path /home/sysadmin/webshell-scan/source/tmp/cmsstage_1764736680_8757853d ...  

[INFO] Archive: Scanning archive: /home/sysadmin/webshell-scan/source/tmp/cmsstage_1764736680_8757853d/admin_stage/static/tiny_mce/plugins/imagemanager/js/_cache/im_createdir.gz (size: 850 bytes)

[DEBUG] Archive: Extracting archive: /home/sysadmin/webshell-scan/source/tmp/cmsstage_1764736680_8757853d/admin_stage/static/tiny_mce/plugins/imagemanager/js/_cache/im_createdir.gz (type: .gz)

[DEBUG] Archive: Extracted 1 files from /home/sysadmin/webshell-scan/source/tmp/cmsstage_1764736680_8757853d/admin_stage/static/tiny_mce/plugins/imagemanager/js/_cache/im_createdir.gz

[DEBUG] Archive: Cleaned up temporary directory: /tmp/webshell_scan_archive_x531j1zj

[INFO] Archive: Scanning archive: /home/sysadmin/webshell-scan/source/tmp/cmsstage_1764736680_8757853d/admin_stage/static/tiny_mce/plugins/imagemanager/js/_cache/im_core.gz (size: 24463 bytes)

[DEBUG] Archive: Extracting archive: /home/sysadmin/webshell-scan/source/tmp/cmsstage_1764736680_8757853d/admin_stage/static/tiny_mce/plugins/imagemanager/js/_cache/im_core.gz (type: .gz)

[DEBUG] Archive: Extracted 1 files from /home/sysadmin/webshell-scan/source/tmp/cmsstage_1764736680_8757853d/admin_stage/static/tiny_mce/plugins/imagemanager/js/_cache/im_core.gz

[DEBUG] Archive: Cleaned up temporary directory: /tmp/webshell_scan_archive_ndp7kdtj

[INFO] Archive: Scanning archive: /home/sysadmin/webshell-scan/source/tmp/cmsstage_1764736680_8757853d/admin_stage/static/tiny_mce/plugins/imagemanager/js/_cache/im_imagemanager.gz (size: 5053 bytes)

[DEBUG] Archive: Extracting archive: /home/sysadmin/webshell-scan/source/tmp/cmsstage_1764736680_8757853d/admin_stage/static/tiny_mce/plugins/imagemanager/js/_cache/im_imagemanager.gz (type: .gz)

[DEBUG] Archive: Extracted 1 files from /home/sysadmin/webshell-scan/source/tmp/cmsstage_1764736680_8757853d/admin_stage/static/tiny_mce/plugins/imagemanager/js/_cache/im_imagemanager.gz

[DEBUG] Archive: Cleaned up temporary directory: /tmp/webshell_scan_archive_2orq94_y

[INFO] Archive: Scanning archive: /home/sysadmin/webshell-scan/source/tmp/cmsstage_1764736680_8757853d/admin_stage/static/tiny_mce/plugins/imagemanager/js/_cache/im_upload.gz (size: 8900 bytes)

[DEBUG] Archive: Extracting archive: /home/sysadmin/webshell-scan/source/tmp/cmsstage_1764736680_8757853d/admin_stage/static/tiny_mce/plugins/imagemanager/js/_cache/im_upload.gz (type: .gz)

[DEBUG] Archive: Extracted 1 files from /home/sysadmin/webshell-scan/source/tmp/cmsstage_1764736680_8757853d/admin_stage/static/tiny_mce/plugins/imagemanager/js/_cache/im_upload.gz

[DEBUG] Archive: Cleaned up temporary directory: /tmp/webshell_scan_archive_kljcrxkb

[INFO] Archive: Scanning archive: /home/sysadmin/webshell-scan/source/tmp/cmsstage_1764736680_8757853d/admin_stage/static/tiny_mce/plugins/imagemanager/css/_cache/im_core_css.gz (size: 5133 bytes)

[DEBUG] Archive: Extracting archive: /home/sysadmin/webshell-scan/source/tmp/cmsstage_1764736680_8757853d/admin_stage/static/tiny_mce/plugins/imagemanager/css/_cache/im_core_css.gz (type: .gz)

[DEBUG] Archive: Extracted 1 files from /home/sysadmin/webshell-scan/source/tmp/cmsstage_1764736680_8757853d/admin_stage/static/tiny_mce/plugins/imagemanager/css/_cache/im_core_css.gz

[DEBUG] Archive: Cleaned up temporary directory: /tmp/webshell_scan_archive_ywd_lf6o

[INFO] Archive: Scanning archive: /home/sysadmin/webshell-scan/source/tmp/cmsstage_1764736680_8757853d/admin_stage/static/js/tiny_mce/plugins/imagemanager/js/_cache/im_createdir.gz (size: 850 bytes)

[DEBUG] Archive: Extracting archive: /home/sysadmin/webshell-scan/source/tmp/cmsstage_1764736680_8757853d/admin_stage/static/js/tiny_mce/plugins/imagemanager/js/_cache/im_createdir.gz (type: .gz)

[DEBUG] Archive: Extracted 1 files from /home/sysadmin/webshell-scan/source/tmp/cmsstage_1764736680_8757853d/admin_stage/static/js/tiny_mce/plugins/imagemanager/js/_cache/im_createdir.gz

[DEBUG] Archive: Cleaned up temporary directory: /tmp/webshell_scan_archive_wdfuge6j

[INFO] Archive: Scanning archive: /home/sysadmin/webshell-scan/source/tmp/cmsstage_1764736680_8757853d/admin_stage/static/js/tiny_mce/plugins/imagemanager/js/_cache/im_core.gz (size: 24463 bytes)

[DEBUG] Archive: Extracting archive: /home/sysadmin/webshell-scan/source/tmp/cmsstage_1764736680_8757853d/admin_stage/static/js/tiny_mce/plugins/imagemanager/js/_cache/im_core.gz (type: .gz)

[DEBUG] Archive: Extracted 1 files from /home/sysadmin/webshell-scan/source/tmp/cmsstage_1764736680_8757853d/admin_stage/static/js/tiny_mce/plugins/imagemanager/js/_cache/im_core.gz

[DEBUG] Archive: Cleaned up temporary directory: /tmp/webshell_scan_archive_5qq4tu1h

[INFO] Archive: Scanning archive: /home/sysadmin/webshell-scan/source/tmp/cmsstage_1764736680_8757853d/admin_stage/static/js/tiny_mce/plugins/imagemanager/js/_cache/im_imagemanager.gz (size: 5043 bytes)

[DEBUG] Archive: Extracting archive: /home/sysadmin/webshell-scan/source/tmp/cmsstage_1764736680_8757853d/admin_stage/static/js/tiny_mce/plugins/imagemanager/js/_cache/im_imagemanager.gz (type: .gz)

[DEBUG] Archive: Extracted 1 files from /home/sysadmin/webshell-scan/source/tmp/cmsstage_1764736680_8757853d/admin_stage/static/js/tiny_mce/plugins/imagemanager/js/_cache/im_imagemanager.gz

[DEBUG] Archive: Cleaned up temporary directory: /tmp/webshell_scan_archive_3cn2nz_f

[INFO] Archive: Scanning archive: /home/sysadmin/webshell-scan/source/tmp/cmsstage_1764736680_8757853d/admin_stage/static/js/tiny_mce/plugins/imagemanager/js/_cache/im_upload.gz (size: 8900 bytes)

[DEBUG] Archive: Extracting archive: /home/sysadmin/webshell-scan/source/tmp/cmsstage_1764736680_8757853d/admin_stage/static/js/tiny_mce/plugins/imagemanager/js/_cache/im_upload.gz (type: .gz)

[DEBUG] Archive: Extracted 1 files from /home/sysadmin/webshell-scan/source/tmp/cmsstage_1764736680_8757853d/admin_stage/static/js/tiny_mce/plugins/imagemanager/js/_cache/im_upload.gz

[DEBUG] Archive: Cleaned up temporary directory: /tmp/webshell_scan_archive_qdo9vb7z

[INFO] Archive: Scanning archive: /home/sysadmin/webshell-scan/source/tmp/cmsstage_1764736680_8757853d/admin_stage/static/js/tiny_mce/plugins/imagemanager/css/_cache/im_core_css.gz (size: 5133 bytes)

[DEBUG] Archive: Extracting archive: /home/sysadmin/webshell-scan/source/tmp/cmsstage_1764736680_8757853d/admin_stage/static/js/tiny_mce/plugins/imagemanager/css/_cache/im_core_css.gz (type: .gz)

[DEBUG] Archive: Extracted 1 files from /home/sysadmin/webshell-scan/source/tmp/cmsstage_1764736680_8757853d/admin_stage/static/js/tiny_mce/plugins/imagemanager/css/_cache/im_core_css.gz

[DEBUG] Archive: Cleaned up temporary directory: /tmp/webshell_scan_archive_h4qhzcwl

[INFO] Archive: Scanning archive: /home/sysadmin/webshell-scan/source/tmp/cmsstage_1764736680_8757853d/admin_stage/static/jwplayer5/newtubedark.zip (size: 29368 bytes)

[DEBUG] Archive: Extracting archive: /home/sysadmin/webshell-scan/source/tmp/cmsstage_1764736680_8757853d/admin_stage/static/jwplayer5/newtubedark.zip (type: .zip)

[DEBUG] Archive: Extracted 54 files from /home/sysadmin/webshell-scan/source/tmp/cmsstage_1764736680_8757853d/admin_stage/static/jwplayer5/newtubedark.zip

[DEBUG] Archive: Cleaned up temporary directory: /tmp/webshell_scan_archive_ipycl6nw

[INFO] Archive: Scanning archive: /home/sysadmin/webshell-scan/source/tmp/cmsstage_1764736680_8757853d/admin_stage/module.ola/movie/.DS_Store.gz (size: 206 bytes)

[DEBUG] Archive: Extracting archive: /home/sysadmin/webshell-scan/source/tmp/cmsstage_1764736680_8757853d/admin_stage/module.ola/movie/.DS_Store.gz (type: .gz)

[DEBUG] Archive: Extracted 1 files from /home/sysadmin/webshell-scan/source/tmp/cmsstage_1764736680_8757853d/admin_stage/module.ola/movie/.DS_Store.gz

[DEBUG] Archive: Cleaned up temporary directory: /tmp/webshell_scan_archive_ec2snwvr

[INFO] Archive: Scanning archive: /home/sysadmin/webshell-scan/source/tmp/cmsstage_1764736680_8757853d/admin_stage/module.ola/multiple_file_upload/.htaccess.gz (size: 243 bytes)

[DEBUG] Archive: Extracting archive: /home/sysadmin/webshell-scan/source/tmp/cmsstage_1764736680_8757853d/admin_stage/module.ola/multiple_file_upload/.htaccess.gz (type: .gz)

[DEBUG] Archive: Extracted 1 files from /home/sysadmin/webshell-scan/source/tmp/cmsstage_1764736680_8757853d/admin_stage/module.ola/multiple_file_upload/.htaccess.gz

[DEBUG] Archive: Cleaned up temporary directory: /tmp/webshell_scan_archive_n4jvwtgh

[INFO] Archive: Scanning archive: /home/sysadmin/webshell-scan/source/tmp/cmsstage_1764736680_8757853d/admin_stage/module/movie/.DS_Store.gz (size: 206 bytes)

[DEBUG] Archive: Extracting archive: /home/sysadmin/webshell-scan/source/tmp/cmsstage_1764736680_8757853d/admin_stage/module/movie/.DS_Store.gz (type: .gz)

[DEBUG] Archive: Extracted 1 files from /home/sysadmin/webshell-scan/source/tmp/cmsstage_1764736680_8757853d/admin_stage/module/movie/.DS_Store.gz

[DEBUG] Archive: Cleaned up temporary directory: /tmp/webshell_scan_archive_k0bya1nr

[INFO] Archive: Scanning archive: /home/sysadmin/webshell-scan/source/tmp/cmsstage_1764736680_8757853d/admin_stage/module/multiple_file_upload/.htaccess.gz (size: 243 bytes)

[DEBUG] Archive: Extracting archive: /home/sysadmin/webshell-scan/source/tmp/cmsstage_1764736680_8757853d/admin_stage/module/multiple_file_upload/.htaccess.gz (type: .gz)

[DEBUG] Archive: Extracted 1 files from /home/sysadmin/webshell-scan/source/tmp/cmsstage_1764736680_8757853d/admin_stage/module/multiple_file_upload/.htaccess.gz

[DEBUG] Archive: Cleaned up temporary directory: /tmp/webshell_scan_archive_88doysi2

[INFO] FileScan: Total files to report: 0

[NOTICE] Results: Results: 0 alerts, 0 warnings, 1 notices

[RESULT] Results: SYSTEM SEEMS TO BE CLEAN.

[NOTICE] Results: Log file is stored in: /home/sysadmin/webshell-scan/logs/scan_mytvavscan-172.16.241.222_cmsstage_1764736680_8757853d_2025-12-03_04-38-29.log

[NOTICE] Results: Finished Webshell Scan SYSTEM: mytvavscan TIME: 20251203T04:38:35Z

